WARNING: We recommend using a newer Android Gradle plugin to use compileSdk = 35

This Android Gradle plugin (8.1.0) was tested up to compileSdk = 33 (and compileSdkPreview = "UpsideDownCakePrivacySandbox").

You are strongly encouraged to update your project to use a newer
Android Gradle plugin that has been tested with compileSdk = 35.

If you are already using the latest version of the Android Gradle plugin,
you may need to wait until a newer version with support for compileSdk = 35 is available.

To suppress this warning, add/update
    android.suppressUnsupportedCompileSdk=35
to this project's gradle.properties.
> Task :clean UP-TO-DATE
> Task :app:clean
> Task :app:preBuild UP-TO-DATE
> Task :app:preReleaseBuild UP-TO-DATE
> Task :app:generateReleaseResValues FROM-CACHE
> Task :app:mapReleaseSourceSetPaths
> Task :app:generateReleaseResources UP-TO-DATE
> Task :app:mergeReleaseResources FROM-CACHE
> Task :app:createReleaseCompatibleScreenManifests
> Task :app:extractDeepLinksRelease FROM-CACHE

> Task :app:processReleaseMainManifest
package="com.ramazan.vakti" found in source AndroidManifest.xml: C:\Users\HP\.gemini\antigravity\scratch\ramadan_timer\twa-android-project\app\src\main\AndroidManifest.xml.
Setting the namespace via the package attribute in the source AndroidManifest.xml is no longer supported, and the value is ignored.
Recommendation: remove package="com.ramazan.vakti" from the source AndroidManifest.xml: C:\Users\HP\.gemini\antigravity\scratch\ramadan_timer\twa-android-project\app\src\main\AndroidManifest.xml.

> Task :app:processReleaseManifest
> Task :app:processApplicationManifestReleaseForBundle
> Task :app:javaPreCompileRelease FROM-CACHE
> Task :app:checkReleaseDuplicateClasses
> Task :app:checkReleaseAarMetadata
> Task :app:packageReleaseResources
> Task :app:parseReleaseLocalResources FROM-CACHE
> Task :app:desugarReleaseFileDependencies
> Task :app:mergeReleaseShaders FROM-CACHE
> Task :app:compileReleaseShaders NO-SOURCE
> Task :app:generateReleaseAssets UP-TO-DATE
> Task :app:mergeReleaseAssets FROM-CACHE
> Task :app:processReleaseJavaRes NO-SOURCE
> Task :app:mergeExtDexRelease
> Task :app:mergeReleaseJniLibFolders FROM-CACHE
> Task :app:mergeReleaseNativeLibs NO-SOURCE
> Task :app:stripReleaseDebugSymbols NO-SOURCE
> Task :app:writeReleaseAppMetadata
> Task :app:mergeReleaseArtProfile
> Task :app:collectReleaseDependencies
> Task :app:configureReleaseDependencies
> Task :app:extractReleaseNativeSymbolTables NO-SOURCE
> Task :app:parseReleaseIntegrityConfig UP-TO-DATE
> Task :app:validateSigningRelease
> Task :app:processReleaseManifestForPackage
> Task :app:bundleReleaseResources FAILED
> Task :app:mergeReleaseJavaResource
> Task :app:processReleaseResources FAILED

FAILURE: Build completed with 2 failures.

1: Task failed with an exception.
-----------
* What went wrong:
Execution failed for task ':app:bundleReleaseResources'.
> A failure occurred while executing com.android.build.gradle.internal.res.Aapt2ProcessResourcesRunnable
   > Android resource linking failed
     error: resource style/Theme.MaterialComponents.DayNight.NoActionBar (aka com.ramazan.vakti:style/Theme.MaterialComponents.DayNight.NoActionBar) not found.
     com.ramazan.vakti.app-mergeReleaseResources-2:/values/values.xml:7: error: style attribute 'attr/colorPrimary (aka com.ramazan.vakti:attr/colorPrimary)' not found.
     com.ramazan.vakti.app-mergeReleaseResources-2:/values/values.xml:8: error: style attribute 'attr/colorPrimaryDark (aka com.ramazan.vakti:attr/colorPrimaryDark)' not found.
     com.ramazan.vakti.app-mergeReleaseResources-2:/values/values.xml:9: error: style attribute 'attr/colorAccent (aka com.ramazan.vakti:attr/colorAccent)' not found.
     error: failed linking references.


* Try:
> Run with --stacktrace option to get the stack trace.
> Run with --info or --debug option to get more log output.
> Run with --scan to get full insights.
> Get more help at https://help.gradle.org.
==============================================================================

2: Task failed with an exception.
-----------
* What went wrong:
Execution failed for task ':app:processReleaseResources'.
> A failure occurred while executing com.android.build.gradle.internal.res.LinkApplicationAndroidResourcesTask$TaskAction
   > Android resource linking failed
     error: resource style/Theme.MaterialComponents.DayNight.NoActionBar (aka com.ramazan.vakti:style/Theme.MaterialComponents.DayNight.NoActionBar) not found.
     com.ramazan.vakti.app-mergeReleaseResources-2:/values/values.xml:7: error: style attribute 'attr/colorPrimary (aka com.ramazan.vakti:attr/colorPrimary)' not found.
     com.ramazan.vakti.app-mergeReleaseResources-2:/values/values.xml:8: error: style attribute 'attr/colorPrimaryDark (aka com.ramazan.vakti:attr/colorPrimaryDark)' not found.
     com.ramazan.vakti.app-mergeReleaseResources-2:/values/values.xml:9: error: style attribute 'attr/colorAccent (aka com.ramazan.vakti:attr/colorAccent)' not found.
     error: failed linking references.


* Try:
> Run with --stacktrace option to get the stack trace.
> Run with --info or --debug option to get more log output.
> Run with --scan to get full insights.
> Get more help at https://help.gradle.org.
==============================================================================

BUÝLD FAILED in 1s
30 actionable tasks: 20 executed, 8 from cache, 2 up-to-date
